<?xml version="1.0" encoding="UTF-8"?>
<testng-results ignored="0" total="3" passed="3" failed="0" skipped="0">
  <reporter-output>
  </reporter-output>
  <suite started-at="2021-06-27T16:15:35Z" name="Default suite" finished-at="2021-06-27T16:15:42Z" duration-ms="7566">
    <groups>
    </groups>
    <test started-at="2021-06-27T16:15:35Z" name="Default test" finished-at="2021-06-27T16:15:42Z" duration-ms="7566">
      <class name="webdriver.Topic_01_Check_Environment">
        <test-method is-config="true" signature="beforeClass()[pri:0, instance:webdriver.Topic_01_Check_Environment@198b6731]" started-at="2021-06-27T16:15:35Z" name="beforeClass" finished-at="2021-06-27T16:15:41Z" duration-ms="6471" status="PASS">
          <reporter-output>
          </reporter-output>
        </test-method> <!-- beforeClass -->
        <test-method signature="TC_01_ValidateCurrentUrl()[pri:0, instance:webdriver.Topic_01_Check_Environment@198b6731]" started-at="2021-06-27T16:15:41Z" name="TC_01_ValidateCurrentUrl" finished-at="2021-06-27T16:15:41Z" duration-ms="24" status="PASS">
          <reporter-output>
          </reporter-output>
        </test-method> <!-- TC_01_ValidateCurrentUrl -->
        <test-method signature="TC_02_ValidatePageTitle()[pri:0, instance:webdriver.Topic_01_Check_Environment@198b6731]" started-at="2021-06-27T16:15:41Z" name="TC_02_ValidatePageTitle" finished-at="2021-06-27T16:15:41Z" duration-ms="20" status="PASS">
          <reporter-output>
          </reporter-output>
        </test-method> <!-- TC_02_ValidatePageTitle -->
        <test-method signature="TC_03_LoginFormDisplayed()[pri:0, instance:webdriver.Topic_01_Check_Environment@198b6731]" started-at="2021-06-27T16:15:41Z" name="TC_03_LoginFormDisplayed" finished-at="2021-06-27T16:15:41Z" duration-ms="237" status="PASS">
          <reporter-output>
          </reporter-output>
        </test-method> <!-- TC_03_LoginFormDisplayed -->
        <test-method is-config="true" signature="afterClass()[pri:0, instance:webdriver.Topic_01_Check_Environment@198b6731]" started-at="2021-06-27T16:15:41Z" name="afterClass" finished-at="2021-06-27T16:15:42Z" duration-ms="776" status="PASS">
          <reporter-output>
          </reporter-output>
        </test-method> <!-- afterClass -->
      </class> <!-- webdriver.Topic_01_Check_Environment -->
    </test> <!-- Default test -->
  </suite> <!-- Default suite -->
</testng-results>
